04/11/2026 00:00 __RUN START__
04/11/2026 00:00 Streamlit
04/11/2026 00:00 Checking site: https://nda-gbb-stats.streamlit.app/
04/11/2026 00:00 Streamlit
04/11/2026 00:00 Checking site: https://finnboygolf.streamlit.app/
04/11/2026 00:00 __RUN END__

04/11/2026 01:00 __RUN START__
04/11/2026 01:00 Streamlit
04/11/2026 01:00 Checking site: https://nda-gbb-stats.streamlit.app/
04/11/2026 01:00 Streamlit
04/11/2026 01:00 Checking site: https://finnboygolf.streamlit.app/
04/11/2026 01:00 __RUN END__

04/11/2026 02:00 __RUN START__
04/11/2026 02:00 Streamlit
04/11/2026 02:00 Checking site: https://nda-gbb-stats.streamlit.app/
04/11/2026 02:00 Streamlit
04/11/2026 02:00 Checking site: https://finnboygolf.streamlit.app/
04/11/2026 02:00 __RUN END__

04/11/2026 03:00 __RUN START__
04/11/2026 03:00 Streamlit
04/11/2026 03:00 Checking site: https://nda-gbb-stats.streamlit.app/
04/11/2026 03:00 Streamlit
04/11/2026 03:00 Checking site: https://finnboygolf.streamlit.app/
04/11/2026 03:00 __RUN END__

04/11/2026 04:00 __RUN START__
04/11/2026 04:00 Streamlit
04/11/2026 04:00 Checking site: https://nda-gbb-stats.streamlit.app/
04/11/2026 04:00 Streamlit
04/11/2026 04:00 Checking site: https://finnboygolf.streamlit.app/
04/11/2026 04:00 __RUN END__

04/11/2026 05:00 __RUN START__
04/11/2026 05:00 Streamlit
04/11/2026 05:00 Checking site: https://nda-gbb-stats.streamlit.app/
04/11/2026 05:00 Streamlit
04/11/2026 05:00 Checking site: https://finnboygolf.streamlit.app/
04/11/2026 05:00 __RUN END__

04/11/2026 06:00 __RUN START__
04/11/2026 06:00 Streamlit
04/11/2026 06:00 Checking site: https://nda-gbb-stats.streamlit.app/
04/11/2026 06:00 Streamlit
04/11/2026 06:00 Checking site: https://finnboygolf.streamlit.app/
04/11/2026 06:00 __RUN END__

04/11/2026 07:00 __RUN START__
04/11/2026 07:00 Streamlit
04/11/2026 07:00 Checking site: https://nda-gbb-stats.streamlit.app/
04/11/2026 07:00 Streamlit
04/11/2026 07:00 Checking site: https://finnboygolf.streamlit.app/
04/11/2026 07:00 __RUN END__

04/11/2026 08:00 __RUN START__
04/11/2026 08:00 Streamlit
04/11/2026 08:00 Checking site: https://nda-gbb-stats.streamlit.app/
04/11/2026 08:00 Streamlit
04/11/2026 08:00 Checking site: https://finnboygolf.streamlit.app/
04/11/2026 08:00 __RUN END__

04/11/2026 09:00 __RUN START__
04/11/2026 09:00 Streamlit
04/11/2026 09:00 Checking site: https://nda-gbb-stats.streamlit.app/
04/11/2026 09:00 Streamlit
04/11/2026 09:00 Checking site: https://finnboygolf.streamlit.app/
04/11/2026 09:00 __RUN END__

04/11/2026 09:37 __RUN START__
04/11/2026 09:38 __RUN END__

